<?xml version="1.0" encoding="UTF-8"?>
<!-- Generated by org.testng.reporters.JUnitXMLReporter -->
<testsuite hostname="DESKTOP-0O7QH13" ignored="0" name="Default test" tests="5" failures="0" timestamp="13 Oct 2018 18:54:56 GMT" time="658.007" errors="0">
  <testcase name="clickOnLoginBtn" time="0.073" classname="seleniumpractice.Selenium"/>
  <testcase name="rightClick" time="0.165" classname="seleniumpractice.Selenium"/>
  <testcase name="upperCase" time="0.357" classname="seleniumpractice.Selenium"/>
  <testcase name="windowResize" time="0.341" classname="seleniumpractice.Selenium"/>
  <testcase name="selectElementWithSameLocator" time="155.626" classname="seleniumpractice.Selenium"/>
</testsuite> <!-- Default test -->
