<?xml version="1.0" encoding="UTF-8"?>
<!-- Generated by org.testng.reporters.JUnitXMLReporter -->
<testsuite hostname="DESKTOP-0O7QH13" ignored="3" name="Parallal Testing(failed)" tests="1" failures="0" timestamp="13 Oct 2018 11:34:57 GMT" time="8.06" errors="0">
  <testcase name="upperCase" time="0.727" classname="seleniumpractice.Selenium"/>
  <testcase name="windowResize" time="0.0" classname="seleniumpractice.Selenium">
    <ignored/>
  </testcase> <!-- windowResize -->
  <testcase name="rightClick" time="0.0" classname="seleniumpractice.Selenium">
    <ignored/>
  </testcase> <!-- rightClick -->
  <testcase name="selectElementWithSameLocator" time="0.0" classname="seleniumpractice.Selenium">
    <ignored/>
  </testcase> <!-- selectElementWithSameLocator -->
</testsuite> <!-- Parallal Testing(failed) -->
