<?xml version="1.0" encoding="UTF-8"?>
<!-- Generated by org.testng.reporters.JUnitXMLReporter -->
<testsuite hostname="DESKTOP-0O7QH13" ignored="3" name="Group Testing" tests="3" failures="3" timestamp="13 Oct 2018 12:29:11 GMT" time="0.069" errors="0">
  <testcase name="rightClick" time="0.014" classname="seleniumpractice.Selenium">
    <failure type="java.lang.NullPointerException">
      <![CDATA[java.lang.NullPointerException
at seleniumpractice.Selenium.rightClick(Selenium.java:60)
... Removed 25 stack frames]]>
    </failure>
  </testcase> <!-- rightClick -->
  <testcase name="upperCase" time="0.001" classname="seleniumpractice.Selenium">
    <failure type="java.lang.NullPointerException">
      <![CDATA[java.lang.NullPointerException
at seleniumpractice.Selenium.upperCase(Selenium.java:45)
... Removed 25 stack frames]]>
    </failure>
  </testcase> <!-- upperCase -->
  <testcase name="windowResize" time="0.004" classname="seleniumpractice.Selenium">
    <failure type="java.lang.NullPointerException">
      <![CDATA[java.lang.NullPointerException
at seleniumpractice.Selenium.windowResize(Selenium.java:54)
... Removed 25 stack frames]]>
    </failure>
  </testcase> <!-- windowResize -->
  <testcase name="enterPassword" time="0.0" classname="seleniumpractice.Selenium">
    <ignored/>
  </testcase> <!-- enterPassword -->
  <testcase name="selectElementWithSameLocator" time="0.0" classname="seleniumpractice.Selenium">
    <ignored/>
  </testcase> <!-- selectElementWithSameLocator -->
  <testcase name="enterUserId" time="0.0" classname="seleniumpractice.Selenium">
    <ignored/>
  </testcase> <!-- enterUserId -->
</testsuite> <!-- Group Testing -->
