<?xml version="1.0" encoding="UTF-8"?>
<testng-results skipped="0" failed="0" ignored="6" total="7" passed="1">
  <reporter-output>
  </reporter-output>
  <suite name="Parallal Test Suite" duration-ms="157029" started-at="2018-10-13T16:20:21Z" finished-at="2018-10-13T16:22:58Z">
    <groups>
      <group name="FB">
        <method signature="Selenium.selectElementWithSameLocator()[pri:4, instance:seleniumpractice.Selenium@66a3ffec]" name="selectElementWithSameLocator" class="seleniumpractice.Selenium"/>
      </group> <!-- FB -->
      <group name="Facebook">
        <method signature="Selenium.selectElementWithSameLocator()[pri:4, instance:seleniumpractice.Selenium@66a3ffec]" name="selectElementWithSameLocator" class="seleniumpractice.Selenium"/>
      </group> <!-- Facebook -->
    </groups>
    <test name="Parallal Testing" duration-ms="157029" started-at="2018-10-13T16:20:21Z" finished-at="2018-10-13T16:22:58Z">
      <class name="seleniumpractice.Selenium">
        <test-method status="PASS" signature="setUp()[pri:0, instance:seleniumpractice.Selenium@66a3ffec]" name="setUp" is-config="true" duration-ms="48002" started-at="2018-10-13T16:20:21Z" finished-at="2018-10-13T16:21:09Z">
          <reporter-output>
          </reporter-output>
        </test-method> <!-- setUp -->
        <test-method status="PASS" signature="selectElementWithSameLocator()[pri:4, instance:seleniumpractice.Selenium@66a3ffec]" name="selectElementWithSameLocator" duration-ms="108996" started-at="2018-10-13T16:21:09Z" finished-at="2018-10-13T16:22:58Z">
          <reporter-output>
          </reporter-output>
        </test-method> <!-- selectElementWithSameLocator -->
      </class> <!-- seleniumpractice.Selenium -->
    </test> <!-- Parallal Testing -->
  </suite> <!-- Parallal Test Suite -->
</testng-results>
