<?xml version="1.0" encoding="UTF-8"?>
<!-- Generated by org.testng.reporters.JUnitXMLReporter -->
<testsuite hostname="DESKTOP-0O7QH13" ignored="6" name="Parallal Testing" tests="1" failures="0" timestamp="13 Oct 2018 16:22:59 GMT" time="157.029" errors="0">
  <testcase name="selectElementWithSameLocator" time="108.996" classname="seleniumpractice.Selenium"/>
  <testcase name="enterPassword" time="0.0" classname="seleniumpractice.Selenium">
    <ignored/>
  </testcase> <!-- enterPassword -->
  <testcase name="windowResize" time="0.0" classname="seleniumpractice.Selenium">
    <ignored/>
  </testcase> <!-- windowResize -->
  <testcase name="rightClick" time="0.0" classname="seleniumpractice.Selenium">
    <ignored/>
  </testcase> <!-- rightClick -->
  <testcase name="upperCase" time="0.0" classname="seleniumpractice.Selenium">
    <ignored/>
  </testcase> <!-- upperCase -->
  <testcase name="enterUserId" time="0.0" classname="seleniumpractice.Selenium">
    <ignored/>
  </testcase> <!-- enterUserId -->
  <testcase name="clickOnLoginBtn" time="0.0" classname="seleniumpractice.Selenium">
    <ignored/>
  </testcase> <!-- clickOnLoginBtn -->
</testsuite> <!-- Parallal Testing -->
