<?xml version="1.0" encoding="UTF-8"?>
<!-- Generated by org.testng.reporters.JUnitXMLReporter -->
<testsuite hostname="DESKTOP-0O7QH13" ignored="4" name="Parallal Testing" tests="3" failures="3" timestamp="13 Oct 2018 20:59:40 GMT" time="0.059" errors="0">
  <testcase name="windowResize" time="0.012" classname="seleniumpractice.Selenium">
    <failure type="java.lang.NullPointerException">
      <![CDATA[java.lang.NullPointerException
at seleniumpractice.Selenium.windowResize(Selenium.java:64)
at java.util.concurrent.ThreadPoolExecutor.runWorker(ThreadPoolExecutor.java:1149)
at java.util.concurrent.ThreadPoolExecutor$Worker.run(ThreadPoolExecutor.java:624)
at java.lang.Thread.run(Thread.java:748)
... Removed 10 stack frames]]>
    </failure>
  </testcase> <!-- windowResize -->
  <testcase name="upperCase" time="0.016" classname="seleniumpractice.Selenium">
    <failure type="java.lang.NullPointerException">
      <![CDATA[java.lang.NullPointerException
at seleniumpractice.Selenium.upperCase(Selenium.java:55)
at java.util.concurrent.ThreadPoolExecutor.runWorker(ThreadPoolExecutor.java:1149)
at java.util.concurrent.ThreadPoolExecutor$Worker.run(ThreadPoolExecutor.java:624)
at java.lang.Thread.run(Thread.java:748)
... Removed 10 stack frames]]>
    </failure>
  </testcase> <!-- upperCase -->
  <testcase name="rightClick" time="0.016" classname="seleniumpractice.Selenium">
    <failure type="java.lang.NullPointerException">
      <![CDATA[java.lang.NullPointerException
at seleniumpractice.Selenium.rightClick(Selenium.java:70)
at java.util.concurrent.ThreadPoolExecutor.runWorker(ThreadPoolExecutor.java:1149)
at java.util.concurrent.ThreadPoolExecutor$Worker.run(ThreadPoolExecutor.java:624)
at java.lang.Thread.run(Thread.java:748)
... Removed 10 stack frames]]>
    </failure>
  </testcase> <!-- rightClick -->
  <testcase name="enterPassword" time="0.0" classname="seleniumpractice.Selenium">
    <ignored/>
  </testcase> <!-- enterPassword -->
  <testcase name="selectElementWithSameLocator" time="0.0" classname="seleniumpractice.Selenium">
    <ignored/>
  </testcase> <!-- selectElementWithSameLocator -->
  <testcase name="enterUserId" time="0.0" classname="seleniumpractice.Selenium">
    <ignored/>
  </testcase> <!-- enterUserId -->
  <testcase name="clickOnLoginBtn" time="0.0" classname="seleniumpractice.Selenium">
    <ignored/>
  </testcase> <!-- clickOnLoginBtn -->
</testsuite> <!-- Parallal Testing -->
